<?xml version="1.0" encoding="UTF-8"?>
<!-- Generated by org.testng.reporters.JUnitReportReporter -->
<testsuite hostname="DESKTOP-SML2652" failures="0" tests="2" name="com.BugBush.runner.loginTestRunner" time="10.686" errors="0" timestamp="2025-07-23T22:13:34 IST" skipped="0">
  <testcase classname="com.BugBush.runner.loginTestRunner" name="runScenario" time="5.640"/>
  <testcase classname="com.BugBush.runner.loginTestRunner" name="runScenario" time="5.046"/>
</testsuite> <!-- com.BugBush.runner.loginTestRunner -->
